<?xml version="1.0" encoding="UTF-8"?>
<robot generator="Robot 3.1.2 (Python 3.8.1 on win32)" generated="20200227 14:43:25.395" rpa="false">
<suite id="s1" name="Saving Balance test cases" source="C:\Users\vshs\PycharmProjects\Data_Connect\TestCase\Saving_Balance_test_cases.robot">
<test id="s1-t1" name="Initial balance">
<kw name="Storing Initial Balance" library="Balance_keywords">
<assign>
<var>${db_init}</var>
</assign>
<kw name="Init Balance" library="DB_init">
<assign>
<var>${db_init}</var>
</assign>
<msg timestamp="20200227 14:43:30.628" level="INFO">Value of pd is 0    40900.0
Name: account_balance, dtype: float64
f value is 40900.0</msg>
<msg timestamp="20200227 14:43:30.629" level="INFO">${db_init} = 40900.0</msg>
<status status="PASS" starttime="20200227 14:43:26.833" endtime="20200227 14:43:30.629"></status>
</kw>
<kw name="Log To Console" library="BuiltIn">
<doc>Logs the given message to the console.</doc>
<arguments>
<arg>${db_init}</arg>
</arguments>
<status status="PASS" starttime="20200227 14:43:30.629" endtime="20200227 14:43:30.630"></status>
</kw>
<msg timestamp="20200227 14:43:30.631" level="INFO">${db_init} = 40900.0</msg>
<status status="PASS" starttime="20200227 14:43:26.833" endtime="20200227 14:43:30.631"></status>
</kw>
<kw name="Storing UI value" library="Balance_keywords">
<assign>
<var>${value}</var>
</assign>
<kw name="Open Browser" library="SeleniumLibrary">
<doc>Opens a new browser instance to the optional ``url``.</doc>
<arguments>
<arg>${URL}</arg>
<arg>${BROWSER}</arg>
</arguments>
<msg timestamp="20200227 14:43:30.632" level="INFO">Opening browser 'Chrome' to base url 'http://10.75.49.60:8084/index'.</msg>
<status status="PASS" starttime="20200227 14:43:30.632" endtime="20200227 14:43:39.300"></status>
</kw>
<kw name="Maximize Browser Window" library="SeleniumLibrary">
<doc>Maximizes current browser window.</doc>
<status status="PASS" starttime="20200227 14:43:39.300" endtime="20200227 14:43:43.464"></status>
</kw>
<kw name="Input Text" library="SeleniumLibrary">
<doc>Types the given ``text`` into the text field identified by ``locator``.</doc>
<arguments>
<arg>${USERNAME_ELEMENT}</arg>
<arg>${VALID_USERNAME}</arg>
</arguments>
<msg timestamp="20200227 14:43:43.466" level="INFO">Typing text 'swati' into text field 'xpath://input[@name="username"]'.</msg>
<status status="PASS" starttime="20200227 14:43:43.465" endtime="20200227 14:43:43.554"></status>
</kw>
<kw name="Input Text" library="SeleniumLibrary">
<doc>Types the given ``text`` into the text field identified by ``locator``.</doc>
<arguments>
<arg>${PASSWORD_ELEMENT}</arg>
<arg>${VALID_PASSWORD}</arg>
</arguments>
<msg timestamp="20200227 14:43:43.554" level="INFO">Typing text 'swati' into text field 'xpath://input[@name="password"]'.</msg>
<status status="PASS" starttime="20200227 14:43:43.554" endtime="20200227 14:43:43.642"></status>
</kw>
<kw name="Click Button" library="SeleniumLibrary">
<doc>Clicks the button identified by ``locator``.</doc>
<arguments>
<arg>${SIGN_IN_BUTTON}</arg>
</arguments>
<msg timestamp="20200227 14:43:43.643" level="INFO">Clicking button 'xpath://button[@class="btn btn-lg btn-primary btn-block"]'.</msg>
<status status="PASS" starttime="20200227 14:43:43.643" endtime="20200227 14:43:45.258"></status>
</kw>
<kw name="Get Text" library="SeleniumLibrary">
<doc>Returns the text value of the element identified by ``locator``.</doc>
<arguments>
<arg>${initial_balance_UI}</arg>
</arguments>
<assign>
<var>${value}</var>
</assign>
<msg timestamp="20200227 14:43:45.298" level="INFO">${value} = 40900.00</msg>
<status status="PASS" starttime="20200227 14:43:45.258" endtime="20200227 14:43:45.298"></status>
</kw>
<kw name="Log To Console" library="BuiltIn">
<doc>Logs the given message to the console.</doc>
<arguments>
<arg>${value}</arg>
</arguments>
<status status="PASS" starttime="20200227 14:43:45.298" endtime="20200227 14:43:45.298"></status>
</kw>
<msg timestamp="20200227 14:43:45.298" level="INFO">${value} = 40900.00</msg>
<status status="PASS" starttime="20200227 14:43:30.631" endtime="20200227 14:43:45.298"></status>
</kw>
<kw name="Should Be Equal As Numbers" library="BuiltIn">
<doc>Fails if objects are unequal after converting them to real numbers.</doc>
<arguments>
<arg>${db_init}</arg>
<arg>${value}</arg>
</arguments>
<msg timestamp="20200227 14:43:45.299" level="INFO">Argument types are:
&lt;class 'float'&gt;
&lt;type 'unicode'&gt;</msg>
<status status="PASS" starttime="20200227 14:43:45.298" endtime="20200227 14:43:45.299"></status>
</kw>
<status status="PASS" starttime="20200227 14:43:26.832" endtime="20200227 14:43:45.299" critical="yes"></status>
</test>
<test id="s1-t2" name="Updated balance perform debit operation">
<kw name="Storing UI value after withdraw amount" library="Balance_keywords">
<assign>
<var>${value_update_wihdraw}</var>
</assign>
<kw name="Open Browser" library="SeleniumLibrary">
<doc>Opens a new browser instance to the optional ``url``.</doc>
<arguments>
<arg>${URL}</arg>
<arg>${BROWSER}</arg>
</arguments>
<msg timestamp="20200227 14:43:45.301" level="INFO">Opening browser 'Chrome' to base url 'http://10.75.49.60:8084/index'.</msg>
<status status="PASS" starttime="20200227 14:43:45.301" endtime="20200227 14:43:52.180"></status>
</kw>
<kw name="Maximize Browser Window" library="SeleniumLibrary">
<doc>Maximizes current browser window.</doc>
<status status="PASS" starttime="20200227 14:43:52.182" endtime="20200227 14:43:56.379"></status>
</kw>
<kw name="Input Text" library="SeleniumLibrary">
<doc>Types the given ``text`` into the text field identified by ``locator``.</doc>
<arguments>
<arg>${USERNAME_ELEMENT}</arg>
<arg>${VALID_USERNAME}</arg>
</arguments>
<msg timestamp="20200227 14:43:56.380" level="INFO">Typing text 'swati' into text field 'xpath://input[@name="username"]'.</msg>
<status status="PASS" starttime="20200227 14:43:56.379" endtime="20200227 14:43:56.462"></status>
</kw>
<kw name="Input Text" library="SeleniumLibrary">
<doc>Types the given ``text`` into the text field identified by ``locator``.</doc>
<arguments>
<arg>${PASSWORD_ELEMENT}</arg>
<arg>${VALID_PASSWORD}</arg>
</arguments>
<msg timestamp="20200227 14:43:56.465" level="INFO">Typing text 'swati' into text field 'xpath://input[@name="password"]'.</msg>
<status status="PASS" starttime="20200227 14:43:56.463" endtime="20200227 14:43:56.550"></status>
</kw>
<kw name="Click Button" library="SeleniumLibrary">
<doc>Clicks the button identified by ``locator``.</doc>
<arguments>
<arg>${SIGN_IN_BUTTON}</arg>
</arguments>
<msg timestamp="20200227 14:43:56.550" level="INFO">Clicking button 'xpath://button[@class="btn btn-lg btn-primary btn-block"]'.</msg>
<status status="PASS" starttime="20200227 14:43:56.550" endtime="20200227 14:43:58.412"></status>
</kw>
<kw name="Click Element" library="SeleniumLibrary">
<doc>Click the element identified by ``locator``.</doc>
<arguments>
<arg>${Go_To_Withdrawal}</arg>
</arguments>
<msg timestamp="20200227 14:43:58.413" level="INFO">Clicking element 'xpath://span[text()="Go to Withdrawal"]'.</msg>
<status status="PASS" starttime="20200227 14:43:58.412" endtime="20200227 14:43:59.943"></status>
</kw>
<kw name="Click Element" library="SeleniumLibrary">
<doc>Click the element identified by ``locator``.</doc>
<arguments>
<arg>${Account_Field}</arg>
</arguments>
<msg timestamp="20200227 14:43:59.945" level="INFO">Clicking element 'xpath://select[@name="accountType"]'.</msg>
<status status="PASS" starttime="20200227 14:43:59.944" endtime="20200227 14:44:00.118"></status>
</kw>
<kw name="Click Element" library="SeleniumLibrary">
<doc>Click the element identified by ``locator``.</doc>
<arguments>
<arg>${Account_Type}</arg>
</arguments>
<msg timestamp="20200227 14:44:00.119" level="INFO">Clicking element 'xpath://option[text()="Savings"]'.</msg>
<status status="PASS" starttime="20200227 14:44:00.118" endtime="20200227 14:44:00.172"></status>
</kw>
<kw name="Input Text" library="SeleniumLibrary">
<doc>Types the given ``text`` into the text field identified by ``locator``.</doc>
<arguments>
<arg>${Amount}</arg>
<arg>${enter_amount}</arg>
</arguments>
<msg timestamp="20200227 14:44:00.173" level="INFO">Typing text '500' into text field 'xpath://input[@id="amount"]'.</msg>
<status status="PASS" starttime="20200227 14:44:00.172" endtime="20200227 14:44:00.302"></status>
</kw>
<kw name="Click Button" library="SeleniumLibrary">
<doc>Clicks the button identified by ``locator``.</doc>
<arguments>
<arg>${Deposit_Button}</arg>
</arguments>
<msg timestamp="20200227 14:44:00.302" level="INFO">Clicking button 'xpath://button[@type="submit"]'.</msg>
<status status="PASS" starttime="20200227 14:44:00.302" endtime="20200227 14:44:01.055"></status>
</kw>
<kw name="Get Text" library="SeleniumLibrary">
<doc>Returns the text value of the element identified by ``locator``.</doc>
<arguments>
<arg>${Update_balance_UI}</arg>
</arguments>
<assign>
<var>${value_update_wihdraw}</var>
</assign>
<msg timestamp="20200227 14:44:01.142" level="INFO">${value_update_wihdraw} = 40400.00</msg>
<status status="PASS" starttime="20200227 14:44:01.055" endtime="20200227 14:44:01.142"></status>
</kw>
<kw name="Log To Console" library="BuiltIn">
<doc>Logs the given message to the console.</doc>
<arguments>
<arg>${value_update_wihdraw}</arg>
</arguments>
<status status="PASS" starttime="20200227 14:44:01.143" endtime="20200227 14:44:01.146"></status>
</kw>
<msg timestamp="20200227 14:44:01.147" level="INFO">${value_update_wihdraw} = 40400.00</msg>
<status status="PASS" starttime="20200227 14:43:45.301" endtime="20200227 14:44:01.147"></status>
</kw>
<kw name="Storing Final Balance" library="Balance_keywords">
<assign>
<var>${db_Updated}</var>
</assign>
<kw name="Final Balance" library="DB_Updated">
<assign>
<var>${db_final}</var>
</assign>
<msg timestamp="20200227 14:44:03.450" level="INFO">Value of pd is 0    40400.0
Name: account_balance, dtype: float64
f value is 40400.0</msg>
<msg timestamp="20200227 14:44:03.451" level="INFO">${db_final} = 40400.0</msg>
<status status="PASS" starttime="20200227 14:44:01.151" endtime="20200227 14:44:03.451"></status>
</kw>
<kw name="Log To Console" library="BuiltIn">
<doc>Logs the given message to the console.</doc>
<arguments>
<arg>${db_final}</arg>
</arguments>
<status status="PASS" starttime="20200227 14:44:03.451" endtime="20200227 14:44:03.451"></status>
</kw>
<msg timestamp="20200227 14:44:03.453" level="INFO">${db_Updated} = 40400.0</msg>
<status status="PASS" starttime="20200227 14:44:01.150" endtime="20200227 14:44:03.453"></status>
</kw>
<kw name="Should Be Equal As Numbers" library="BuiltIn">
<doc>Fails if objects are unequal after converting them to real numbers.</doc>
<arguments>
<arg>${db_Updated}</arg>
<arg>${value_update_wihdraw}</arg>
</arguments>
<msg timestamp="20200227 14:44:03.454" level="INFO">Argument types are:
&lt;class 'float'&gt;
&lt;type 'unicode'&gt;</msg>
<status status="PASS" starttime="20200227 14:44:03.454" endtime="20200227 14:44:03.454"></status>
</kw>
<status status="PASS" starttime="20200227 14:43:45.300" endtime="20200227 14:44:03.454" critical="yes"></status>
</test>
<test id="s1-t3" name="Updated balance perform credit operation">
<kw name="Storing UI value after credit amount" library="Balance_keywords">
<assign>
<var>${value_update_credit}</var>
</assign>
<kw name="Open Browser" library="SeleniumLibrary">
<doc>Opens a new browser instance to the optional ``url``.</doc>
<arguments>
<arg>${URL}</arg>
<arg>${BROWSER}</arg>
</arguments>
<msg timestamp="20200227 14:44:03.460" level="INFO">Opening browser 'Chrome' to base url 'http://10.75.49.60:8084/index'.</msg>
<status status="PASS" starttime="20200227 14:44:03.460" endtime="20200227 14:44:10.507"></status>
</kw>
<kw name="Maximize Browser Window" library="SeleniumLibrary">
<doc>Maximizes current browser window.</doc>
<status status="PASS" starttime="20200227 14:44:10.507" endtime="20200227 14:44:14.733"></status>
</kw>
<kw name="Input Text" library="SeleniumLibrary">
<doc>Types the given ``text`` into the text field identified by ``locator``.</doc>
<arguments>
<arg>${USERNAME_ELEMENT}</arg>
<arg>${VALID_USERNAME}</arg>
</arguments>
<msg timestamp="20200227 14:44:14.735" level="INFO">Typing text 'swati' into text field 'xpath://input[@name="username"]'.</msg>
<status status="PASS" starttime="20200227 14:44:14.733" endtime="20200227 14:44:14.851"></status>
</kw>
<kw name="Input Text" library="SeleniumLibrary">
<doc>Types the given ``text`` into the text field identified by ``locator``.</doc>
<arguments>
<arg>${PASSWORD_ELEMENT}</arg>
<arg>${VALID_PASSWORD}</arg>
</arguments>
<msg timestamp="20200227 14:44:14.851" level="INFO">Typing text 'swati' into text field 'xpath://input[@name="password"]'.</msg>
<status status="PASS" starttime="20200227 14:44:14.851" endtime="20200227 14:44:14.972"></status>
</kw>
<kw name="Click Button" library="SeleniumLibrary">
<doc>Clicks the button identified by ``locator``.</doc>
<arguments>
<arg>${SIGN_IN_BUTTON}</arg>
</arguments>
<msg timestamp="20200227 14:44:14.972" level="INFO">Clicking button 'xpath://button[@class="btn btn-lg btn-primary btn-block"]'.</msg>
<status status="PASS" starttime="20200227 14:44:14.972" endtime="20200227 14:44:16.990"></status>
</kw>
<kw name="Click Element" library="SeleniumLibrary">
<doc>Click the element identified by ``locator``.</doc>
<arguments>
<arg>${Go_To_Deposit}</arg>
</arguments>
<msg timestamp="20200227 14:44:16.991" level="INFO">Clicking element 'xpath://span[text()="Go to Deposit"]'.</msg>
<status status="PASS" starttime="20200227 14:44:16.990" endtime="20200227 14:44:17.985"></status>
</kw>
<kw name="Click Element" library="SeleniumLibrary">
<doc>Click the element identified by ``locator``.</doc>
<arguments>
<arg>${Account_Field}</arg>
</arguments>
<msg timestamp="20200227 14:44:17.986" level="INFO">Clicking element 'xpath://select[@name="accountType"]'.</msg>
<status status="PASS" starttime="20200227 14:44:17.986" endtime="20200227 14:44:18.288"></status>
</kw>
<kw name="Select From List By Index" library="SeleniumLibrary">
<doc>Selects options from selection list ``locator`` by ``indexes``.</doc>
<arguments>
<arg>name:accountType</arg>
<arg>2</arg>
</arguments>
<msg timestamp="20200227 14:44:18.288" level="INFO">Selecting options from selection list 'name:accountType' by index 2.</msg>
<status status="PASS" starttime="20200227 14:44:18.288" endtime="20200227 14:44:18.376"></status>
</kw>
<kw name="Input Text" library="SeleniumLibrary">
<doc>Types the given ``text`` into the text field identified by ``locator``.</doc>
<arguments>
<arg>${Amount}</arg>
<arg>${enter_amount}</arg>
</arguments>
<msg timestamp="20200227 14:44:18.376" level="INFO">Typing text '500' into text field 'xpath://input[@id="amount"]'.</msg>
<status status="PASS" starttime="20200227 14:44:18.376" endtime="20200227 14:44:18.479"></status>
</kw>
<kw name="Click Button" library="SeleniumLibrary">
<doc>Clicks the button identified by ``locator``.</doc>
<arguments>
<arg>${Deposit_Button}</arg>
</arguments>
<msg timestamp="20200227 14:44:18.480" level="INFO">Clicking button 'xpath://button[@type="submit"]'.</msg>
<status status="PASS" starttime="20200227 14:44:18.479" endtime="20200227 14:44:20.315"></status>
</kw>
<kw name="Get Text" library="SeleniumLibrary">
<doc>Returns the text value of the element identified by ``locator``.</doc>
<arguments>
<arg>${Update_balance_UI}</arg>
</arguments>
<assign>
<var>${value_update_credit}</var>
</assign>
<msg timestamp="20200227 14:44:20.357" level="INFO">${value_update_credit} = 40900.00</msg>
<status status="PASS" starttime="20200227 14:44:20.315" endtime="20200227 14:44:20.358"></status>
</kw>
<kw name="Log To Console" library="BuiltIn">
<doc>Logs the given message to the console.</doc>
<arguments>
<arg>${value_update_credit}</arg>
</arguments>
<status status="PASS" starttime="20200227 14:44:20.358" endtime="20200227 14:44:20.358"></status>
</kw>
<msg timestamp="20200227 14:44:20.358" level="INFO">${value_update_credit} = 40900.00</msg>
<status status="PASS" starttime="20200227 14:44:03.460" endtime="20200227 14:44:20.358"></status>
</kw>
<kw name="Storing Final Balance" library="Balance_keywords">
<assign>
<var>${db_Updated}</var>
</assign>
<kw name="Final Balance" library="DB_Updated">
<assign>
<var>${db_final}</var>
</assign>
<msg timestamp="20200227 14:44:22.496" level="INFO">Value of pd is 0    40900.0
Name: account_balance, dtype: float64
f value is 40900.0</msg>
<msg timestamp="20200227 14:44:22.496" level="INFO">${db_final} = 40900.0</msg>
<status status="PASS" starttime="20200227 14:44:20.359" endtime="20200227 14:44:22.496"></status>
</kw>
<kw name="Log To Console" library="BuiltIn">
<doc>Logs the given message to the console.</doc>
<arguments>
<arg>${db_final}</arg>
</arguments>
<status status="PASS" starttime="20200227 14:44:22.496" endtime="20200227 14:44:22.496"></status>
</kw>
<msg timestamp="20200227 14:44:22.496" level="INFO">${db_Updated} = 40900.0</msg>
<status status="PASS" starttime="20200227 14:44:20.359" endtime="20200227 14:44:22.496"></status>
</kw>
<kw name="Should Be Equal As Numbers" library="BuiltIn">
<doc>Fails if objects are unequal after converting them to real numbers.</doc>
<arguments>
<arg>${db_Updated}</arg>
<arg>${value_update_credit}</arg>
</arguments>
<msg timestamp="20200227 14:44:22.502" level="INFO">Argument types are:
&lt;class 'float'&gt;
&lt;type 'unicode'&gt;</msg>
<status status="PASS" starttime="20200227 14:44:22.502" endtime="20200227 14:44:22.502"></status>
</kw>
<status status="PASS" starttime="20200227 14:44:03.460" endtime="20200227 14:44:22.502" critical="yes"></status>
</test>
<status status="PASS" starttime="20200227 14:43:25.399" endtime="20200227 14:44:22.509"></status>
</suite>
<statistics>
<total>
<stat pass="3" fail="0">Critical Tests</stat>
<stat pass="3" fail="0">All Tests</stat>
</total>
<tag>
</tag>
<suite>
<stat pass="3" fail="0" id="s1" name="Saving Balance test cases">Saving Balance test cases</stat>
</suite>
</statistics>
<errors>
</errors>
</robot>
