<?xml version="1.0" encoding="UTF-8"?>
<robot generator="Robot 3.0.4 (Python 3.7.6 on win32)" generated="20200421 15:11:37.522">
<suite id="s1" name="Amazon" source="C:\Demo\Robot\Data_Connect\Data_Connect\Tests\Amazon.robot">
<test id="s1-t1" name="Open amazon home page">
<kw name="Open Browser" library="SeleniumLibrary">
<doc>Opens a new browser instance to the given ``url``.</doc>
<arguments>
<arg>${WEB}</arg>
<arg>${BROWSER}</arg>
</arguments>
<msg timestamp="20200421 15:11:37.681" level="INFO">Opening browser 'chrome' to base url 'http://www.amazon.com'.</msg>
<status status="PASS" starttime="20200421 15:11:37.681" endtime="20200421 15:11:45.176"></status>
</kw>
<kw name="Maximize Browser Window" library="SeleniumLibrary">
<doc>Maximizes current browser window.</doc>
<status status="PASS" starttime="20200421 15:11:45.176" endtime="20200421 15:11:49.319"></status>
</kw>
<kw name="Get Newly Created Folder Name" library="test">
<assign>
<var>${pathvar}</var>
</assign>
<msg timestamp="20200421 15:11:49.320" level="INFO">C:\Demo\Robot\Data_Connect\Data_Connect\ResultsWithTimestamp\logfile_2020-04-21_15-10-05</msg>
<msg timestamp="20200421 15:11:49.320" level="INFO">${pathvar} = C:\Demo\Robot\Data_Connect\Data_Connect\ResultsWithTimestamp\logfile_2020-04-21_15-10-05</msg>
<status status="PASS" starttime="20200421 15:11:49.319" endtime="20200421 15:11:49.320"></status>
</kw>
<kw name="Set Global Variable" library="BuiltIn">
<doc>Makes a variable available globally in all tests and suites.</doc>
<arguments>
<arg>${path}</arg>
<arg>${pathvar}/screenshot</arg>
</arguments>
<msg timestamp="20200421 15:11:49.322" level="INFO">${path} = C:\Demo\Robot\Data_Connect\Data_Connect\ResultsWithTimestamp\logfile_2020-04-21_15-10-05/screenshot</msg>
<status status="PASS" starttime="20200421 15:11:49.320" endtime="20200421 15:11:49.322"></status>
</kw>
<kw name="Set Screenshot Directory" library="SeleniumLibrary">
<doc>Sets the directory for captured screenshots.</doc>
<arguments>
<arg>${path}</arg>
</arguments>
<status status="PASS" starttime="20200421 15:11:49.322" endtime="20200421 15:11:49.323"></status>
</kw>
<kw name="Capture Page Screenshot" library="SeleniumLibrary">
<doc>Takes screenshot of the current page and embeds it into log file.</doc>
<arguments>
<arg>${filename}.${TYPE OF FILE}</arg>
</arguments>
<msg timestamp="20200421 15:11:49.763" level="INFO" html="yes">&lt;/td&gt;&lt;/tr&gt;&lt;tr&gt;&lt;td colspan="3"&gt;&lt;a href="screenshot/fileres.jpg"&gt;&lt;img src="screenshot/fileres.jpg" width="800px"&gt;&lt;/a&gt;</msg>
<msg timestamp="20200421 15:11:49.763" level="INFO">C:\Python3\lib\site-packages\selenium\webdriver\remote\webdriver.py:1031: UserWarning: name used for saved screenshot does not match file type. It should end with a `.png` extension
  "type. It should end with a `.png` extension", UserWarning)</msg>
<status status="PASS" starttime="20200421 15:11:49.323" endtime="20200421 15:11:49.763"></status>
</kw>
<kw name="Close Browser" library="SeleniumLibrary">
<doc>Closes the current browser.</doc>
<status status="PASS" starttime="20200421 15:11:49.764" endtime="20200421 15:11:51.969"></status>
</kw>
<status status="PASS" starttime="20200421 15:11:37.680" endtime="20200421 15:11:51.970" critical="yes"></status>
</test>
<doc>This is some basic info about the whole suite</doc>
<status status="PASS" starttime="20200421 15:11:37.524" endtime="20200421 15:11:51.972"></status>
</suite>
<statistics>
<total>
<stat pass="1" fail="0">Critical Tests</stat>
<stat pass="1" fail="0">All Tests</stat>
</total>
<tag>
</tag>
<suite>
<stat pass="1" fail="0" id="s1" name="Amazon">Amazon</stat>
</suite>
</statistics>
<errors>
</errors>
</robot>
