<?xml version="1.0" encoding="UTF-8"?>
<robot generator="Robot 3.1.2 (Python 3.7.3 on win32)" generated="20200421 00:37:29.737" rpa="false">
<suite id="s1" name="Amazon" source="C:\development\robot-scripts\amazon\Tests\Amazon.robot">
<test id="s1-t1" name="Open amazon home page">
<kw name="Open Browser ${WEB} ${BROWSER}">
<msg timestamp="20200421 00:37:30.050" level="FAIL">No keyword with name 'Open Browser ${WEB} ${BROWSER}' found.</msg>
<status status="FAIL" starttime="20200421 00:37:30.050" endtime="20200421 00:37:30.050"></status>
</kw>
<status status="FAIL" starttime="20200421 00:37:30.050" endtime="20200421 00:37:30.050" critical="yes">No keyword with name 'Open Browser ${WEB} ${BROWSER}' found.</status>
</test>
<doc>This is some basic info about the whole suite</doc>
<status status="FAIL" starttime="20200421 00:37:29.737" endtime="20200421 00:37:30.050"></status>
</suite>
<statistics>
<total>
<stat pass="0" fail="1">Critical Tests</stat>
<stat pass="0" fail="1">All Tests</stat>
</total>
<tag>
</tag>
<suite>
<stat pass="0" fail="1" id="s1" name="Amazon">Amazon</stat>
</suite>
</statistics>
<errors>
<msg timestamp="20200421 00:37:30.018" level="ERROR">Error in file 'C:\development\robot-scripts\amazon\Tests\Amazon.robot': Importing test library 'Autoitlibrary' failed: ModuleNotFoundError: No module named 'Autoitlibrary'
Traceback (most recent call last):
  None
PYTHONPATH:
  C:\Users\matis\Anaconda3\Scripts\robot.exe
  c:\users\matis\anaconda3\python37.zip
  c:\users\matis\anaconda3\DLLs
  c:\users\matis\anaconda3\lib
  c:\users\matis\anaconda3
  c:\users\matis\anaconda3\lib\site-packages
  c:\users\matis\anaconda3\lib\site-packages\win32
  c:\users\matis\anaconda3\lib\site-packages\win32\lib
  c:\users\matis\anaconda3\lib\site-packages\Pythonwin</msg>
</errors>
</robot>
